  Source.cpp
c:\users\ben hopgood\desktop\workly files\greekscene\greekscene\source.cpp(247): warning C4305: 'argument': truncation from 'double' to 'irr::f32'
c:\users\ben hopgood\desktop\workly files\greekscene\greekscene\source.cpp(421): warning C4305: 'argument': truncation from 'double' to 'T'
          with
          [
              T=irr::f32
          ]
c:\users\ben hopgood\desktop\workly files\greekscene\greekscene\source.cpp(468): warning C4305: 'argument': truncation from 'double' to 'T'
          with
          [
              T=irr::f32
          ]
c:\users\ben hopgood\desktop\workly files\greekscene\greekscene\source.cpp(588): warning C4305: 'argument': truncation from 'double' to 'irr::f32'
c:\users\ben hopgood\desktop\workly files\greekscene\greekscene\source.cpp(614): warning C4244: '=': conversion from 'int' to 'float', possible loss of data
c:\users\ben hopgood\desktop\workly files\greekscene\greekscene\source.cpp(633): warning C4244: '=': conversion from 'int' to 'float', possible loss of data
c:\users\ben hopgood\desktop\workly files\greekscene\greekscene\source.cpp(652): warning C4244: '=': conversion from 'int' to 'float', possible loss of data
c:\users\ben hopgood\desktop\workly files\greekscene\greekscene\source.cpp(671): warning C4244: '=': conversion from 'int' to 'float', possible loss of data
  Generating code
  1 of 69 functions ( 1.4%) were compiled, the rest were copied from previous compilation.
    0 functions were new in current compilation
    0 functions had inline decision re-evaluated but remain unchanged
  Finished generating code
  GreekScene.vcxproj -> C:\Users\Ben Hopgood\Desktop\Workly Files\GreekScene\Release\GreekScene.exe
